<?xml version="1.0" encoding="UTF-8"?>
<!-- Generated by org.testng.reporters.JUnitXMLReporter -->
<testsuite ignored="0" hostname="DESKTOP-8PNJ7K5" failures="1" tests="2" name="Test1" time="15.784" errors="0" timestamp="2025-12-02T01:05:40 IST">
  <testcase classname="testClass.TC_001_Registration" name="verify_acc_registration" time="2.845"/>
  <testcase classname="testClass.TC_002_Login" name="verify_Login" time="5.511">
    <failure type="java.lang.NullPointerException" message="Cannot invoke &amp;quot;java.util.Properties.getProperty(String)&amp;quot; because &amp;quot;this.p&amp;quot; is null">
      <![CDATA[java.lang.NullPointerException: Cannot invoke "java.util.Properties.getProperty(String)" because "this.p" is null
at testClass.TC_002_Login.verify_Login(TC_002_Login.java:30)
at java.base/java.util.ArrayList.forEach(ArrayList.java:1511)
... Removed 27 stack frames]]>
    </failure>
  </testcase> <!-- verify_Login -->
</testsuite> <!-- Test1 -->
